<?xml version="1.0" encoding="UTF-8"?>
<coverage generated="1756970828173" clover="3.2.0">
  <project timestamp="1756970828173" name="All files">
    <metrics statements="128" coveredstatements="107" conditionals="57" coveredconditionals="38" methods="59" coveredmethods="46" elements="244" coveredelements="191" complexity="0" loc="128" ncloc="128" packages="8" files="15" classes="15"/>
    <package name="src.features.archive.hooks">
      <metrics statements="9" coveredstatements="9" conditionals="0" coveredconditionals="0" methods="8" coveredmethods="6"/>
      <file name="useArchive.ts" path="C:\Users\kouak\OneDrive\Informatique\NWO\blank\src\features\archive\hooks\useArchive.ts">
        <metrics statements="9" coveredstatements="9" conditionals="0" coveredconditionals="0" methods="8" coveredmethods="6"/>
        <line num="11" count="11" type="stmt"/>
        <line num="12" count="16" type="stmt"/>
        <line num="13" count="16" type="stmt"/>
        <line num="15" count="11" type="stmt"/>
        <line num="16" count="11" type="stmt"/>
        <line num="18" count="11" type="stmt"/>
        <line num="19" count="11" type="stmt"/>
        <line num="20" count="11" type="stmt"/>
        <line num="22" count="11" type="stmt"/>
      </file>
    </package>
    <package name="src.features.todos.components">
      <metrics statements="30" coveredstatements="27" conditionals="31" coveredconditionals="19" methods="17" coveredmethods="14"/>
      <file name="FilterTabs.tsx" path="C:\Users\kouak\OneDrive\Informatique\NWO\blank\src\features\todos\components\FilterTabs.tsx">
        <metrics statements="11" coveredstatements="11" conditionals="4" coveredconditionals="4" methods="5" coveredmethods="5"/>
        <line num="18" count="1" type="stmt"/>
        <line num="19" count="1" type="stmt"/>
        <line num="20" count="1" type="stmt"/>
        <line num="23" count="5" type="stmt"/>
        <line num="25" count="5" type="stmt"/>
        <line num="26" count="15" type="stmt"/>
        <line num="27" count="15" type="stmt"/>
        <line num="31" count="2" type="stmt"/>
        <line num="47" count="5" type="stmt"/>
        <line num="51" count="24" type="stmt"/>
        <line num="62" count="1" type="stmt"/>
      </file>
      <file name="StatsPills.tsx" path="C:\Users\kouak\OneDrive\Informatique\NWO\blank\src\features\todos\components\StatsPills.tsx">
        <metrics statements="6" coveredstatements="6" conditionals="0" coveredconditionals="0" methods="4" coveredmethods="4"/>
        <line num="12" count="9" type="stmt"/>
        <line num="13" count="7" type="stmt"/>
        <line num="21" count="9" type="stmt"/>
        <line num="24" count="36" type="stmt"/>
        <line num="30" count="27" type="stmt"/>
        <line num="42" count="1" type="stmt"/>
      </file>
      <file name="TodoCard.tsx" path="C:\Users\kouak\OneDrive\Informatique\NWO\blank\src\features\todos\components\TodoCard.tsx">
        <metrics statements="9" coveredstatements="7" conditionals="20" coveredconditionals="8" methods="4" coveredmethods="2"/>
        <line num="19" count="2" type="stmt"/>
        <line num="28" count="1" type="stmt"/>
        <line num="30" count="1" type="cond" truecount="1" falsecount="1"/>
        <line num="31" count="1" type="cond" truecount="2" falsecount="0"/>
        <line num="32" count="1" type="stmt"/>
        <line num="34" count="1" type="stmt"/>
        <line num="58" count="0" type="stmt"/>
        <line num="72" count="1" type="stmt"/>
        <line num="86" count="0" type="stmt"/>
      </file>
      <file name="TodoRow.tsx" path="C:\Users\kouak\OneDrive\Informatique\NWO\blank\src\features\todos\components\TodoRow.tsx">
        <metrics statements="3" coveredstatements="2" conditionals="7" coveredconditionals="7" methods="3" coveredmethods="2"/>
        <line num="20" count="10" type="stmt"/>
        <line num="37" count="0" type="stmt"/>
        <line num="51" count="1" type="stmt"/>
      </file>
      <file name="TodosHeader.tsx" path="C:\Users\kouak\OneDrive\Informatique\NWO\blank\src\features\todos\components\TodosHeader.tsx">
        <metrics statements="1" coveredstatements="1" conditionals="0" coveredconditionals="0" methods="1" coveredmethods="1"/>
        <line num="12" count="5" type="stmt"/>
      </file>
    </package>
    <package name="src.features.todos.hooks">
      <metrics statements="27" coveredstatements="22" conditionals="6" coveredconditionals="6" methods="10" coveredmethods="9"/>
      <file name="useTodos.ts" path="C:\Users\kouak\OneDrive\Informatique\NWO\blank\src\features\todos\hooks\useTodos.ts">
        <metrics statements="27" coveredstatements="22" conditionals="6" coveredconditionals="6" methods="10" coveredmethods="9"/>
        <line num="8" count="9" type="stmt"/>
        <line num="9" count="9" type="stmt"/>
        <line num="10" count="9" type="stmt"/>
        <line num="11" count="9" type="stmt"/>
        <line num="13" count="9" type="stmt"/>
        <line num="14" count="3" type="stmt"/>
        <line num="15" count="3" type="stmt"/>
        <line num="16" count="3" type="stmt"/>
        <line num="17" count="3" type="stmt"/>
        <line num="19" count="0" type="stmt"/>
        <line num="23" count="9" type="stmt"/>
        <line num="24" count="3" type="stmt"/>
        <line num="27" count="9" type="stmt"/>
        <line num="28" count="0" type="stmt"/>
        <line num="29" count="0" type="stmt"/>
        <line num="30" count="0" type="stmt"/>
        <line num="32" count="0" type="stmt"/>
        <line num="36" count="9" type="stmt"/>
        <line num="37" count="1" type="stmt"/>
        <line num="38" count="2" type="cond" truecount="2" falsecount="0"/>
        <line num="40" count="1" type="stmt"/>
        <line num="41" count="1" type="stmt"/>
        <line num="47" count="9" type="stmt"/>
        <line num="48" count="9" type="cond" truecount="2" falsecount="0"/>
        <line num="49" count="8" type="cond" truecount="2" falsecount="0"/>
        <line num="50" count="7" type="stmt"/>
        <line num="53" count="9" type="stmt"/>
      </file>
    </package>
    <package name="src.features.todos.ui">
      <metrics statements="4" coveredstatements="4" conditionals="0" coveredconditionals="0" methods="0" coveredmethods="0"/>
      <file name="constants.ts" path="C:\Users\kouak\OneDrive\Informatique\NWO\blank\src\features\todos\ui\constants.ts">
        <metrics statements="2" coveredstatements="2" conditionals="0" coveredconditionals="0" methods="0" coveredmethods="0"/>
        <line num="2" count="2" type="stmt"/>
        <line num="3" count="2" type="stmt"/>
      </file>
      <file name="styles.ts" path="C:\Users\kouak\OneDrive\Informatique\NWO\blank\src\features\todos\ui\styles.ts">
        <metrics statements="2" coveredstatements="2" conditionals="0" coveredconditionals="0" methods="0" coveredmethods="0"/>
        <line num="4" count="2" type="stmt"/>
        <line num="8" count="2" type="stmt"/>
      </file>
    </package>
    <package name="src.screens">
      <metrics statements="43" coveredstatements="32" conditionals="16" coveredconditionals="10" methods="18" coveredmethods="12"/>
      <file name="ArchiveScreen.tsx" path="C:\Users\kouak\OneDrive\Informatique\NWO\blank\src\screens\ArchiveScreen.tsx">
        <metrics statements="14" coveredstatements="12" conditionals="2" coveredconditionals="2" methods="7" coveredmethods="5"/>
        <line num="15" count="1" type="stmt"/>
        <line num="17" count="1" type="stmt"/>
        <line num="24" count="0" type="stmt"/>
        <line num="28" count="2" type="stmt"/>
        <line num="30" count="2" type="stmt"/>
        <line num="31" count="1" type="stmt"/>
        <line num="35" count="2" type="stmt"/>
        <line num="37" count="2" type="stmt"/>
        <line num="58" count="2" type="cond" truecount="2" falsecount="0"/>
        <line num="59" count="1" type="stmt"/>
        <line num="66" count="1" type="stmt"/>
        <line num="72" count="2" type="stmt"/>
        <line num="78" count="1" type="stmt"/>
        <line num="80" count="0" type="stmt"/>
      </file>
      <file name="HomeScreen.tsx" path="C:\Users\kouak\OneDrive\Informatique\NWO\blank\src\screens\HomeScreen.tsx">
        <metrics statements="29" coveredstatements="20" conditionals="14" coveredconditionals="8" methods="11" coveredmethods="7"/>
        <line num="27" count="1" type="stmt"/>
        <line num="39" count="9" type="stmt"/>
        <line num="40" count="9" type="stmt"/>
        <line num="42" count="9" type="stmt"/>
        <line num="44" count="9" type="stmt"/>
        <line num="45" count="9" type="stmt"/>
        <line num="47" count="9" type="stmt"/>
        <line num="48" count="3" type="stmt"/>
        <line num="50" count="3" type="cond" truecount="1" falsecount="1"/>
        <line num="51" count="3" type="stmt"/>
        <line num="56" count="0" type="stmt"/>
        <line num="64" count="0" type="stmt"/>
        <line num="72" count="9" type="stmt"/>
        <line num="74" count="0" type="cond" truecount="0" falsecount="2"/>
        <line num="75" count="0" type="stmt"/>
        <line num="84" count="0" type="stmt"/>
        <line num="85" count="0" type="stmt"/>
        <line num="86" count="0" type="stmt"/>
        <line num="88" count="0" type="stmt"/>
        <line num="90" count="0" type="stmt"/>
        <line num="97" count="9" type="stmt"/>
        <line num="98" count="5" type="stmt"/>
        <line num="102" count="9" type="stmt"/>
        <line num="103" count="8" type="stmt"/>
        <line num="104" count="7" type="stmt"/>
        <line num="111" count="9" type="stmt"/>
        <line num="138" count="14" type="stmt"/>
        <line num="149" count="10" type="cond" truecount="1" falsecount="1"/>
        <line num="176" count="1" type="stmt"/>
      </file>
    </package>
    <package name="src.stores">
      <metrics statements="11" coveredstatements="9" conditionals="2" coveredconditionals="1" methods="4" coveredmethods="3"/>
      <file name="archiveSlice.ts" path="C:\Users\kouak\OneDrive\Informatique\NWO\blank\src\stores\archiveSlice.ts">
        <metrics statements="9" coveredstatements="7" conditionals="2" coveredconditionals="1" methods="4" coveredmethods="3"/>
        <line num="10" count="2" type="stmt"/>
        <line num="12" count="2" type="stmt"/>
        <line num="17" count="1" type="stmt"/>
        <line num="18" count="1" type="cond" truecount="1" falsecount="1"/>
        <line num="21" count="1" type="stmt"/>
        <line num="22" count="1" type="stmt"/>
        <line num="25" count="0" type="stmt"/>
        <line num="26" count="0" type="stmt"/>
        <line num="32" count="2" type="stmt"/>
      </file>
      <file name="hooks.ts" path="C:\Users\kouak\OneDrive\Informatique\NWO\blank\src\stores\hooks.ts">
        <metrics statements="2" coveredstatements="2" conditionals="0" coveredconditionals="0" methods="0" coveredmethods="0"/>
        <line num="6" count="2" type="stmt"/>
        <line num="7" count="2" type="stmt"/>
      </file>
    </package>
    <package name="src.ui">
      <metrics statements="2" coveredstatements="2" conditionals="0" coveredconditionals="0" methods="0" coveredmethods="0"/>
      <file name="layout.ts" path="C:\Users\kouak\OneDrive\Informatique\NWO\blank\src\ui\layout.ts">
        <metrics statements="2" coveredstatements="2" conditionals="0" coveredconditionals="0" methods="0" coveredmethods="0"/>
        <line num="4" count="2" type="stmt"/>
        <line num="6" count="2" type="stmt"/>
      </file>
    </package>
    <package name="tests.utils">
      <metrics statements="2" coveredstatements="2" conditionals="2" coveredconditionals="2" methods="2" coveredmethods="2"/>
      <file name="renderWithStore.tsx" path="C:\Users\kouak\OneDrive\Informatique\NWO\blank\tests\utils\renderWithStore.tsx">
        <metrics statements="2" coveredstatements="2" conditionals="2" coveredconditionals="2" methods="2" coveredmethods="2"/>
        <line num="9" count="3" type="stmt"/>
        <line num="18" count="3" type="stmt"/>
      </file>
    </package>
  </project>
</coverage>
