{
  "C:\\Users\\kouak\\OneDrive\\Informatique\\NWO\\blank\\src\\features\\archive\\hooks\\useArchive.ts": {
    "path": "C:\\Users\\kouak\\OneDrive\\Informatique\\NWO\\blank\\src\\features\\archive\\hooks\\useArchive.ts",
    "statementMap": {
      "0": {
        "start": { "line": 11, "column": 19 },
        "end": { "line": 11, "column": 35 }
      },
      "1": {
        "start": { "line": 12, "column": 14 },
        "end": { "line": 12, "column": 50 }
      },
      "2": {
        "start": { "line": 12, "column": 36 },
        "end": { "line": 12, "column": 49 }
      },
      "3": {
        "start": { "line": 13, "column": 15 },
        "end": { "line": 13, "column": 52 }
      },
      "4": {
        "start": { "line": 13, "column": 37 },
        "end": { "line": 13, "column": 51 }
      },
      "5": {
        "start": { "line": 15, "column": 19 },
        "end": { "line": 15, "column": 44 }
      },
      "6": {
        "start": { "line": 15, "column": 35 },
        "end": { "line": 15, "column": 43 }
      },
      "7": {
        "start": { "line": 16, "column": 21 },
        "end": { "line": 16, "column": 47 }
      },
      "8": {
        "start": { "line": 16, "column": 37 },
        "end": { "line": 16, "column": 47 }
      },
      "9": {
        "start": { "line": 18, "column": 18 },
        "end": { "line": 18, "column": 56 }
      },
      "10": {
        "start": { "line": 18, "column": 31 },
        "end": { "line": 18, "column": 56 }
      },
      "11": {
        "start": { "line": 19, "column": 20 },
        "end": { "line": 19, "column": 64 }
      },
      "12": {
        "start": { "line": 19, "column": 36 },
        "end": { "line": 19, "column": 64 }
      },
      "13": {
        "start": { "line": 20, "column": 19 },
        "end": { "line": 20, "column": 51 }
      },
      "14": {
        "start": { "line": 20, "column": 25 },
        "end": { "line": 20, "column": 51 }
      },
      "15": {
        "start": { "line": 22, "column": 2 },
        "end": { "line": 22, "column": 64 }
      }
    },
    "fnMap": {
      "0": {
        "name": "useArchive",
        "decl": {
          "start": { "line": 10, "column": 16 },
          "end": { "line": 10, "column": 26 }
        },
        "loc": {
          "start": { "line": 10, "column": 29 },
          "end": { "line": 23, "column": 1 }
        },
        "line": 10
      },
      "1": {
        "name": "(anonymous_1)",
        "decl": {
          "start": { "line": 12, "column": 29 },
          "end": { "line": 12, "column": 30 }
        },
        "loc": {
          "start": { "line": 12, "column": 36 },
          "end": { "line": 12, "column": 49 }
        },
        "line": 12
      },
      "2": {
        "name": "(anonymous_2)",
        "decl": {
          "start": { "line": 13, "column": 30 },
          "end": { "line": 13, "column": 31 }
        },
        "loc": {
          "start": { "line": 13, "column": 37 },
          "end": { "line": 13, "column": 51 }
        },
        "line": 13
      },
      "3": {
        "name": "(anonymous_3)",
        "decl": {
          "start": { "line": 15, "column": 27 },
          "end": { "line": 15, "column": 28 }
        },
        "loc": {
          "start": { "line": 15, "column": 35 },
          "end": { "line": 15, "column": 43 }
        },
        "line": 15
      },
      "4": {
        "name": "(anonymous_4)",
        "decl": {
          "start": { "line": 16, "column": 21 },
          "end": { "line": 16, "column": 22 }
        },
        "loc": {
          "start": { "line": 16, "column": 37 },
          "end": { "line": 16, "column": 47 }
        },
        "line": 16
      },
      "5": {
        "name": "(anonymous_5)",
        "decl": {
          "start": { "line": 18, "column": 18 },
          "end": { "line": 18, "column": 19 }
        },
        "loc": {
          "start": { "line": 18, "column": 31 },
          "end": { "line": 18, "column": 56 }
        },
        "line": 18
      },
      "6": {
        "name": "(anonymous_6)",
        "decl": {
          "start": { "line": 19, "column": 20 },
          "end": { "line": 19, "column": 21 }
        },
        "loc": {
          "start": { "line": 19, "column": 36 },
          "end": { "line": 19, "column": 64 }
        },
        "line": 19
      },
      "7": {
        "name": "(anonymous_7)",
        "decl": {
          "start": { "line": 20, "column": 19 },
          "end": { "line": 20, "column": 20 }
        },
        "loc": {
          "start": { "line": 20, "column": 25 },
          "end": { "line": 20, "column": 51 }
        },
        "line": 20
      }
    },
    "branchMap": {},
    "s": {
      "0": 11,
      "1": 11,
      "2": 16,
      "3": 11,
      "4": 16,
      "5": 11,
      "6": 1,
      "7": 11,
      "8": 10,
      "9": 11,
      "10": 0,
      "11": 11,
      "12": 1,
      "13": 11,
      "14": 0,
      "15": 11
    },
    "f": { "0": 11, "1": 16, "2": 16, "3": 1, "4": 10, "5": 0, "6": 1, "7": 0 },
    "b": {},
    "_coverageSchema": "1a1c01bbd47fc00a2c39e90264f33305004495a9",
    "hash": "ea56014ac1f7812376055990aa955570ba0b676d"
  },
  "C:\\Users\\kouak\\OneDrive\\Informatique\\NWO\\blank\\src\\features\\todos\\components\\FilterTabs.tsx": {
    "path": "C:\\Users\\kouak\\OneDrive\\Informatique\\NWO\\blank\\src\\features\\todos\\components\\FilterTabs.tsx",
    "statementMap": {
      "0": {
        "start": { "line": 18, "column": 39 },
        "end": { "line": 18, "column": 79 }
      },
      "1": {
        "start": { "line": 19, "column": 20 },
        "end": { "line": 19, "column": 22 }
      },
      "2": {
        "start": { "line": 20, "column": 14 },
        "end": { "line": 20, "column": 16 }
      },
      "3": {
        "start": { "line": 23, "column": 15 },
        "end": { "line": 23, "column": 49 }
      },
      "4": {
        "start": { "line": 23, "column": 29 },
        "end": { "line": 23, "column": 44 }
      },
      "5": {
        "start": { "line": 25, "column": 49 },
        "end": { "line": 45, "column": 3 }
      },
      "6": {
        "start": { "line": 26, "column": 21 },
        "end": { "line": 26, "column": 35 }
      },
      "7": {
        "start": { "line": 27, "column": 4 },
        "end": { "line": 44, "column": 6 }
      },
      "8": {
        "start": { "line": 31, "column": 25 },
        "end": { "line": 31, "column": 39 }
      },
      "9": {
        "start": { "line": 47, "column": 2 },
        "end": { "line": 59, "column": 4 }
      },
      "10": {
        "start": { "line": 51, "column": 29 },
        "end": { "line": 51, "column": 30 }
      },
      "11": {
        "start": { "line": 62, "column": 15 },
        "end": { "line": 97, "column": 2 }
      }
    },
    "fnMap": {
      "0": {
        "name": "FilterTabs",
        "decl": {
          "start": { "line": 22, "column": 16 },
          "end": { "line": 22, "column": 26 }
        },
        "loc": {
          "start": { "line": 22, "column": 65 },
          "end": { "line": 60, "column": 1 }
        },
        "line": 22
      },
      "1": {
        "name": "(anonymous_1)",
        "decl": {
          "start": { "line": 23, "column": 23 },
          "end": { "line": 23, "column": 24 }
        },
        "loc": {
          "start": { "line": 23, "column": 29 },
          "end": { "line": 23, "column": 44 }
        },
        "line": 23
      },
      "2": {
        "name": "(anonymous_2)",
        "decl": {
          "start": { "line": 25, "column": 49 },
          "end": { "line": 25, "column": 50 }
        },
        "loc": {
          "start": { "line": 25, "column": 63 },
          "end": { "line": 45, "column": 3 }
        },
        "line": 25
      },
      "3": {
        "name": "(anonymous_3)",
        "decl": {
          "start": { "line": 31, "column": 19 },
          "end": { "line": 31, "column": 20 }
        },
        "loc": {
          "start": { "line": 31, "column": 25 },
          "end": { "line": 31, "column": 39 }
        },
        "line": 31
      },
      "4": {
        "name": "(anonymous_4)",
        "decl": {
          "start": { "line": 51, "column": 22 },
          "end": { "line": 51, "column": 23 }
        },
        "loc": {
          "start": { "line": 51, "column": 29 },
          "end": { "line": 51, "column": 30 }
        },
        "line": 51
      }
    },
    "branchMap": {
      "0": {
        "loc": {
          "start": { "line": 37, "column": 30 },
          "end": { "line": 37, "column": 60 }
        },
        "type": "binary-expr",
        "locations": [
          {
            "start": { "line": 37, "column": 30 },
            "end": { "line": 37, "column": 38 }
          },
          {
            "start": { "line": 37, "column": 42 },
            "end": { "line": 37, "column": 60 }
          }
        ],
        "line": 37
      },
      "1": {
        "loc": {
          "start": { "line": 39, "column": 40 },
          "end": { "line": 39, "column": 74 }
        },
        "type": "binary-expr",
        "locations": [
          {
            "start": { "line": 39, "column": 40 },
            "end": { "line": 39, "column": 48 }
          },
          {
            "start": { "line": 39, "column": 52 },
            "end": { "line": 39, "column": 74 }
          }
        ],
        "line": 39
      }
    },
    "s": {
      "0": 1,
      "1": 1,
      "2": 1,
      "3": 5,
      "4": 3,
      "5": 5,
      "6": 15,
      "7": 15,
      "8": 2,
      "9": 5,
      "10": 24,
      "11": 1
    },
    "f": { "0": 5, "1": 3, "2": 15, "3": 2, "4": 24 },
    "b": { "0": [15, 5], "1": [15, 5] },
    "_coverageSchema": "1a1c01bbd47fc00a2c39e90264f33305004495a9",
    "hash": "9b9e77876fd9d4919440ab224fa8ac8e83430a83"
  },
  "C:\\Users\\kouak\\OneDrive\\Informatique\\NWO\\blank\\src\\features\\todos\\components\\StatsPills.tsx": {
    "path": "C:\\Users\\kouak\\OneDrive\\Informatique\\NWO\\blank\\src\\features\\todos\\components\\StatsPills.tsx",
    "statementMap": {
      "0": {
        "start": { "line": 12, "column": 15 },
        "end": { "line": 19, "column": 3 }
      },
      "1": {
        "start": { "line": 13, "column": 10 },
        "end": { "line": 17, "column": 5 }
      },
      "2": {
        "start": { "line": 21, "column": 2 },
        "end": { "line": 39, "column": 4 }
      },
      "3": {
        "start": { "line": 24, "column": 27 },
        "end": { "line": 24, "column": 32 }
      },
      "4": {
        "start": { "line": 30, "column": 8 },
        "end": { "line": 36, "column": 15 }
      },
      "5": {
        "start": { "line": 42, "column": 15 },
        "end": { "line": 74, "column": 2 }
      }
    },
    "fnMap": {
      "0": {
        "name": "StatsPills",
        "decl": {
          "start": { "line": 11, "column": 16 },
          "end": { "line": 11, "column": 26 }
        },
        "loc": {
          "start": { "line": 11, "column": 75 },
          "end": { "line": 40, "column": 1 }
        },
        "line": 11
      },
      "1": {
        "name": "(anonymous_1)",
        "decl": {
          "start": { "line": 13, "column": 4 },
          "end": { "line": 13, "column": 5 }
        },
        "loc": {
          "start": { "line": 13, "column": 10 },
          "end": { "line": 17, "column": 5 }
        },
        "line": 13
      },
      "2": {
        "name": "(anonymous_2)",
        "decl": {
          "start": { "line": 24, "column": 20 },
          "end": { "line": 24, "column": 21 }
        },
        "loc": {
          "start": { "line": 24, "column": 27 },
          "end": { "line": 24, "column": 32 }
        },
        "line": 24
      },
      "3": {
        "name": "(anonymous_3)",
        "decl": {
          "start": { "line": 29, "column": 18 },
          "end": { "line": 29, "column": 19 }
        },
        "loc": {
          "start": { "line": 30, "column": 8 },
          "end": { "line": 36, "column": 15 }
        },
        "line": 30
      }
    },
    "branchMap": {},
    "s": { "0": 9, "1": 7, "2": 9, "3": 36, "4": 27, "5": 1 },
    "f": { "0": 9, "1": 7, "2": 36, "3": 27 },
    "b": {},
    "_coverageSchema": "1a1c01bbd47fc00a2c39e90264f33305004495a9",
    "hash": "b6ce175d94bc8ccb32590ac0400ec9671d07c5c8"
  },
  "C:\\Users\\kouak\\OneDrive\\Informatique\\NWO\\blank\\src\\features\\todos\\components\\TodoCard.tsx": {
    "path": "C:\\Users\\kouak\\OneDrive\\Informatique\\NWO\\blank\\src\\features\\todos\\components\\TodoCard.tsx",
    "statementMap": {
      "0": {
        "start": { "line": 19, "column": 27 },
        "end": { "line": 19, "column": 29 }
      },
      "1": {
        "start": { "line": 28, "column": 18 },
        "end": { "line": 28, "column": 32 }
      },
      "2": {
        "start": { "line": 30, "column": 22 },
        "end": { "line": 30, "column": 48 }
      },
      "3": {
        "start": { "line": 31, "column": 24 },
        "end": { "line": 31, "column": 53 }
      },
      "4": {
        "start": { "line": 32, "column": 23 },
        "end": { "line": 32, "column": 33 }
      },
      "5": {
        "start": { "line": 34, "column": 2 },
        "end": { "line": 105, "column": 4 }
      },
      "6": {
        "start": { "line": 58, "column": 27 },
        "end": { "line": 58, "column": 44 }
      },
      "7": {
        "start": { "line": 72, "column": 27 },
        "end": { "line": 72, "column": 46 }
      },
      "8": {
        "start": { "line": 86, "column": 27 },
        "end": { "line": 86, "column": 43 }
      }
    },
    "fnMap": {
      "0": {
        "name": "TodoCard",
        "decl": {
          "start": { "line": 21, "column": 16 },
          "end": { "line": 21, "column": 24 }
        },
        "loc": {
          "start": { "line": 27, "column": 20 },
          "end": { "line": 106, "column": 1 }
        },
        "line": 27
      },
      "1": {
        "name": "(anonymous_1)",
        "decl": {
          "start": { "line": 58, "column": 21 },
          "end": { "line": 58, "column": 22 }
        },
        "loc": {
          "start": { "line": 58, "column": 27 },
          "end": { "line": 58, "column": 44 }
        },
        "line": 58
      },
      "2": {
        "name": "(anonymous_2)",
        "decl": {
          "start": { "line": 72, "column": 21 },
          "end": { "line": 72, "column": 22 }
        },
        "loc": {
          "start": { "line": 72, "column": 27 },
          "end": { "line": 72, "column": 46 }
        },
        "line": 72
      },
      "3": {
        "name": "(anonymous_3)",
        "decl": {
          "start": { "line": 86, "column": 21 },
          "end": { "line": 86, "column": 22 }
        },
        "loc": {
          "start": { "line": 86, "column": 27 },
          "end": { "line": 86, "column": 43 }
        },
        "line": 86
      }
    },
    "branchMap": {
      "0": {
        "loc": {
          "start": { "line": 30, "column": 22 },
          "end": { "line": 30, "column": 48 }
        },
        "type": "binary-expr",
        "locations": [
          {
            "start": { "line": 30, "column": 22 },
            "end": { "line": 30, "column": 33 }
          },
          {
            "start": { "line": 30, "column": 37 },
            "end": { "line": 30, "column": 48 }
          }
        ],
        "line": 30
      },
      "1": {
        "loc": {
          "start": { "line": 31, "column": 24 },
          "end": { "line": 31, "column": 53 }
        },
        "type": "binary-expr",
        "locations": [
          {
            "start": { "line": 31, "column": 24 },
            "end": { "line": 31, "column": 37 }
          },
          {
            "start": { "line": 31, "column": 41 },
            "end": { "line": 31, "column": 53 }
          }
        ],
        "line": 31
      },
      "2": {
        "loc": {
          "start": { "line": 45, "column": 12 },
          "end": { "line": 47, "column": 34 }
        },
        "type": "cond-expr",
        "locations": [
          {
            "start": { "line": 46, "column": 16 },
            "end": { "line": 46, "column": 58 }
          },
          {
            "start": { "line": 47, "column": 16 },
            "end": { "line": 47, "column": 34 }
          }
        ],
        "line": 45
      },
      "3": {
        "loc": {
          "start": { "line": 55, "column": 9 },
          "end": { "line": 67, "column": 9 }
        },
        "type": "binary-expr",
        "locations": [
          {
            "start": { "line": 55, "column": 9 },
            "end": { "line": 55, "column": 20 }
          },
          {
            "start": { "line": 56, "column": 10 },
            "end": { "line": 66, "column": 22 }
          }
        ],
        "line": 55
      },
      "4": {
        "loc": {
          "start": { "line": 69, "column": 9 },
          "end": { "line": 81, "column": 9 }
        },
        "type": "binary-expr",
        "locations": [
          {
            "start": { "line": 69, "column": 9 },
            "end": { "line": 69, "column": 22 }
          },
          {
            "start": { "line": 70, "column": 10 },
            "end": { "line": 80, "column": 22 }
          }
        ],
        "line": 69
      },
      "5": {
        "loc": {
          "start": { "line": 83, "column": 9 },
          "end": { "line": 102, "column": 9 }
        },
        "type": "binary-expr",
        "locations": [
          {
            "start": { "line": 83, "column": 9 },
            "end": { "line": 83, "column": 21 }
          },
          {
            "start": { "line": 84, "column": 10 },
            "end": { "line": 101, "column": 22 }
          }
        ],
        "line": 83
      },
      "6": {
        "loc": {
          "start": { "line": 89, "column": 43 },
          "end": { "line": 89, "column": 76 }
        },
        "type": "cond-expr",
        "locations": [
          {
            "start": { "line": 89, "column": 53 },
            "end": { "line": 89, "column": 62 }
          },
          {
            "start": { "line": 89, "column": 65 },
            "end": { "line": 89, "column": 76 }
          }
        ],
        "line": 89
      },
      "7": {
        "loc": {
          "start": { "line": 94, "column": 20 },
          "end": { "line": 94, "column": 59 }
        },
        "type": "cond-expr",
        "locations": [
          {
            "start": { "line": 94, "column": 30 },
            "end": { "line": 94, "column": 40 }
          },
          {
            "start": { "line": 94, "column": 43 },
            "end": { "line": 94, "column": 59 }
          }
        ],
        "line": 94
      },
      "8": {
        "loc": {
          "start": { "line": 96, "column": 21 },
          "end": { "line": 96, "column": 52 }
        },
        "type": "cond-expr",
        "locations": [
          {
            "start": { "line": 96, "column": 31 },
            "end": { "line": 96, "column": 40 }
          },
          {
            "start": { "line": 96, "column": 43 },
            "end": { "line": 96, "column": 52 }
          }
        ],
        "line": 96
      },
      "9": {
        "loc": {
          "start": { "line": 99, "column": 15 },
          "end": { "line": 99, "column": 40 }
        },
        "type": "cond-expr",
        "locations": [
          {
            "start": { "line": 99, "column": 25 },
            "end": { "line": 99, "column": 31 }
          },
          {
            "start": { "line": 99, "column": 34 },
            "end": { "line": 99, "column": 40 }
          }
        ],
        "line": 99
      }
    },
    "s": {
      "0": 2,
      "1": 1,
      "2": 1,
      "3": 1,
      "4": 1,
      "5": 1,
      "6": 0,
      "7": 1,
      "8": 0
    },
    "f": { "0": 1, "1": 0, "2": 1, "3": 0 },
    "b": {
      "0": [1, 0],
      "1": [1, 1],
      "2": [0, 1],
      "3": [1, 0],
      "4": [1, 1],
      "5": [1, 0],
      "6": [0, 0],
      "7": [0, 0],
      "8": [0, 0],
      "9": [0, 0]
    },
    "_coverageSchema": "1a1c01bbd47fc00a2c39e90264f33305004495a9",
    "hash": "988ff78fb86981c9a814f505e3a6d623f65756a3"
  },
  "C:\\Users\\kouak\\OneDrive\\Informatique\\NWO\\blank\\src\\features\\todos\\components\\TodoRow.tsx": {
    "path": "C:\\Users\\kouak\\OneDrive\\Informatique\\NWO\\blank\\src\\features\\todos\\components\\TodoRow.tsx",
    "statementMap": {
      "0": {
        "start": { "line": 20, "column": 2 },
        "end": { "line": 58, "column": 4 }
      },
      "1": {
        "start": { "line": 37, "column": 27 },
        "end": { "line": 37, "column": 42 }
      },
      "2": {
        "start": { "line": 51, "column": 31 },
        "end": { "line": 51, "column": 45 }
      }
    },
    "fnMap": {
      "0": {
        "name": "TodoRow",
        "decl": {
          "start": { "line": 14, "column": 16 },
          "end": { "line": 14, "column": 23 }
        },
        "loc": {
          "start": { "line": 19, "column": 20 },
          "end": { "line": 59, "column": 1 }
        },
        "line": 19
      },
      "1": {
        "name": "(anonymous_1)",
        "decl": {
          "start": { "line": 37, "column": 21 },
          "end": { "line": 37, "column": 22 }
        },
        "loc": {
          "start": { "line": 37, "column": 27 },
          "end": { "line": 37, "column": 42 }
        },
        "line": 37
      },
      "2": {
        "name": "(anonymous_2)",
        "decl": {
          "start": { "line": 51, "column": 25 },
          "end": { "line": 51, "column": 26 }
        },
        "loc": {
          "start": { "line": 51, "column": 31 },
          "end": { "line": 51, "column": 45 }
        },
        "line": 51
      }
    },
    "branchMap": {
      "0": {
        "loc": {
          "start": { "line": 28, "column": 22 },
          "end": { "line": 28, "column": 102 }
        },
        "type": "cond-expr",
        "locations": [
          {
            "start": { "line": 28, "column": 39 },
            "end": { "line": 28, "column": 81 }
          },
          {
            "start": { "line": 28, "column": 84 },
            "end": { "line": 28, "column": 102 }
          }
        ],
        "line": 28
      },
      "1": {
        "loc": {
          "start": { "line": 34, "column": 9 },
          "end": { "line": 46, "column": 9 }
        },
        "type": "binary-expr",
        "locations": [
          {
            "start": { "line": 34, "column": 9 },
            "end": { "line": 34, "column": 20 }
          },
          {
            "start": { "line": 34, "column": 24 },
            "end": { "line": 34, "column": 35 }
          },
          {
            "start": { "line": 35, "column": 10 },
            "end": { "line": 45, "column": 22 }
          }
        ],
        "line": 34
      },
      "2": {
        "loc": {
          "start": { "line": 53, "column": 41 },
          "end": { "line": 53, "column": 81 }
        },
        "type": "cond-expr",
        "locations": [
          {
            "start": { "line": 53, "column": 58 },
            "end": { "line": 53, "column": 67 }
          },
          {
            "start": { "line": 53, "column": 70 },
            "end": { "line": 53, "column": 81 }
          }
        ],
        "line": 53
      }
    },
    "s": { "0": 10, "1": 0, "2": 1 },
    "f": { "0": 10, "1": 0, "2": 1 },
    "b": { "0": [6, 4], "1": [10, 10, 10], "2": [6, 4] },
    "_coverageSchema": "1a1c01bbd47fc00a2c39e90264f33305004495a9",
    "hash": "54e104cf8e65faa2faa481f4bc6d73bc580c5de3"
  },
  "C:\\Users\\kouak\\OneDrive\\Informatique\\NWO\\blank\\src\\features\\todos\\components\\TodosHeader.tsx": {
    "path": "C:\\Users\\kouak\\OneDrive\\Informatique\\NWO\\blank\\src\\features\\todos\\components\\TodosHeader.tsx",
    "statementMap": {
      "0": {
        "start": { "line": 12, "column": 2 },
        "end": { "line": 16, "column": 4 }
      }
    },
    "fnMap": {
      "0": {
        "name": "TodosHeader",
        "decl": {
          "start": { "line": 11, "column": 16 },
          "end": { "line": 11, "column": 27 }
        },
        "loc": {
          "start": { "line": 11, "column": 73 },
          "end": { "line": 17, "column": 1 }
        },
        "line": 11
      }
    },
    "branchMap": {},
    "s": { "0": 5 },
    "f": { "0": 5 },
    "b": {},
    "_coverageSchema": "1a1c01bbd47fc00a2c39e90264f33305004495a9",
    "hash": "38e108c28e41045ae662f87aee70119db4725317"
  },
  "C:\\Users\\kouak\\OneDrive\\Informatique\\NWO\\blank\\src\\features\\todos\\hooks\\useTodos.ts": {
    "path": "C:\\Users\\kouak\\OneDrive\\Informatique\\NWO\\blank\\src\\features\\todos\\hooks\\useTodos.ts",
    "statementMap": {
      "0": {
        "start": { "line": 8, "column": 28 },
        "end": { "line": 8, "column": 48 }
      },
      "1": {
        "start": { "line": 9, "column": 30 },
        "end": { "line": 9, "column": 57 }
      },
      "2": {
        "start": { "line": 10, "column": 28 },
        "end": { "line": 10, "column": 57 }
      },
      "3": {
        "start": { "line": 11, "column": 38 },
        "end": { "line": 11, "column": 53 }
      },
      "4": {
        "start": { "line": 13, "column": 15 },
        "end": { "line": 21, "column": 8 }
      },
      "5": {
        "start": { "line": 14, "column": 4 },
        "end": { "line": 20, "column": 5 }
      },
      "6": {
        "start": { "line": 15, "column": 19 },
        "end": { "line": 15, "column": 41 }
      },
      "7": {
        "start": { "line": 16, "column": 6 },
        "end": { "line": 16, "column": 27 }
      },
      "8": {
        "start": { "line": 17, "column": 6 },
        "end": { "line": 17, "column": 21 }
      },
      "9": {
        "start": { "line": 19, "column": 6 },
        "end": { "line": 19, "column": 52 }
      },
      "10": {
        "start": { "line": 23, "column": 2 },
        "end": { "line": 25, "column": 13 }
      },
      "11": {
        "start": { "line": 24, "column": 4 },
        "end": { "line": 24, "column": 11 }
      },
      "12": {
        "start": { "line": 27, "column": 17 },
        "end": { "line": 34, "column": 12 }
      },
      "13": {
        "start": { "line": 28, "column": 4 },
        "end": { "line": 28, "column": 24 }
      },
      "14": {
        "start": { "line": 29, "column": 4 },
        "end": { "line": 33, "column": 5 }
      },
      "15": {
        "start": { "line": 30, "column": 6 },
        "end": { "line": 30, "column": 19 }
      },
      "16": {
        "start": { "line": 32, "column": 6 },
        "end": { "line": 32, "column": 27 }
      },
      "17": {
        "start": { "line": 36, "column": 19 },
        "end": { "line": 45, "column": 8 }
      },
      "18": {
        "start": { "line": 37, "column": 4 },
        "end": { "line": 39, "column": 6 }
      },
      "19": {
        "start": { "line": 38, "column": 6 },
        "end": { "line": 38, "column": 78 }
      },
      "20": {
        "start": { "line": 38, "column": 23 },
        "end": { "line": 38, "column": 76 }
      },
      "21": {
        "start": { "line": 40, "column": 4 },
        "end": { "line": 44, "column": 5 }
      },
      "22": {
        "start": { "line": 41, "column": 6 },
        "end": { "line": 41, "column": 43 }
      },
      "23": {
        "start": { "line": 47, "column": 16 },
        "end": { "line": 51, "column": 21 }
      },
      "24": {
        "start": { "line": 48, "column": 4 },
        "end": { "line": 48, "column": 72 }
      },
      "25": {
        "start": { "line": 48, "column": 32 },
        "end": { "line": 48, "column": 72 }
      },
      "26": {
        "start": { "line": 48, "column": 59 },
        "end": { "line": 48, "column": 70 }
      },
      "27": {
        "start": { "line": 49, "column": 4 },
        "end": { "line": 49, "column": 71 }
      },
      "28": {
        "start": { "line": 49, "column": 30 },
        "end": { "line": 49, "column": 71 }
      },
      "29": {
        "start": { "line": 49, "column": 57 },
        "end": { "line": 49, "column": 69 }
      },
      "30": {
        "start": { "line": 50, "column": 4 },
        "end": { "line": 50, "column": 17 }
      },
      "31": {
        "start": { "line": 53, "column": 2 },
        "end": { "line": 62, "column": 4 }
      }
    },
    "fnMap": {
      "0": {
        "name": "useTodos",
        "decl": {
          "start": { "line": 7, "column": 16 },
          "end": { "line": 7, "column": 24 }
        },
        "loc": {
          "start": { "line": 7, "column": 27 },
          "end": { "line": 63, "column": 1 }
        },
        "line": 7
      },
      "1": {
        "name": "(anonymous_1)",
        "decl": {
          "start": { "line": 13, "column": 27 },
          "end": { "line": 13, "column": 28 }
        },
        "loc": {
          "start": { "line": 13, "column": 39 },
          "end": { "line": 21, "column": 3 }
        },
        "line": 13
      },
      "2": {
        "name": "(anonymous_2)",
        "decl": {
          "start": { "line": 23, "column": 12 },
          "end": { "line": 23, "column": 13 }
        },
        "loc": {
          "start": { "line": 23, "column": 18 },
          "end": { "line": 25, "column": 3 }
        },
        "line": 23
      },
      "3": {
        "name": "(anonymous_3)",
        "decl": {
          "start": { "line": 27, "column": 29 },
          "end": { "line": 27, "column": 30 }
        },
        "loc": {
          "start": { "line": 27, "column": 41 },
          "end": { "line": 34, "column": 3 }
        },
        "line": 27
      },
      "4": {
        "name": "(anonymous_4)",
        "decl": {
          "start": { "line": 36, "column": 31 },
          "end": { "line": 36, "column": 32 }
        },
        "loc": {
          "start": { "line": 36, "column": 50 },
          "end": { "line": 45, "column": 3 }
        },
        "line": 36
      },
      "5": {
        "name": "(anonymous_5)",
        "decl": {
          "start": { "line": 37, "column": 13 },
          "end": { "line": 37, "column": 14 }
        },
        "loc": {
          "start": { "line": 38, "column": 6 },
          "end": { "line": 38, "column": 78 }
        },
        "line": 38
      },
      "6": {
        "name": "(anonymous_6)",
        "decl": {
          "start": { "line": 38, "column": 15 },
          "end": { "line": 38, "column": 16 }
        },
        "loc": {
          "start": { "line": 38, "column": 23 },
          "end": { "line": 38, "column": 76 }
        },
        "line": 38
      },
      "7": {
        "name": "(anonymous_7)",
        "decl": {
          "start": { "line": 47, "column": 24 },
          "end": { "line": 47, "column": 25 }
        },
        "loc": {
          "start": { "line": 47, "column": 30 },
          "end": { "line": 51, "column": 3 }
        },
        "line": 47
      },
      "8": {
        "name": "(anonymous_8)",
        "decl": {
          "start": { "line": 48, "column": 52 },
          "end": { "line": 48, "column": 53 }
        },
        "loc": {
          "start": { "line": 48, "column": 59 },
          "end": { "line": 48, "column": 70 }
        },
        "line": 48
      },
      "9": {
        "name": "(anonymous_9)",
        "decl": {
          "start": { "line": 49, "column": 50 },
          "end": { "line": 49, "column": 51 }
        },
        "loc": {
          "start": { "line": 49, "column": 57 },
          "end": { "line": 49, "column": 69 }
        },
        "line": 49
      }
    },
    "branchMap": {
      "0": {
        "loc": {
          "start": { "line": 38, "column": 23 },
          "end": { "line": 38, "column": 76 }
        },
        "type": "cond-expr",
        "locations": [
          {
            "start": { "line": 38, "column": 39 },
            "end": { "line": 38, "column": 72 }
          },
          {
            "start": { "line": 38, "column": 75 },
            "end": { "line": 38, "column": 76 }
          }
        ],
        "line": 38
      },
      "1": {
        "loc": {
          "start": { "line": 48, "column": 4 },
          "end": { "line": 48, "column": 72 }
        },
        "type": "if",
        "locations": [
          {
            "start": { "line": 48, "column": 4 },
            "end": { "line": 48, "column": 72 }
          },
          { "start": {}, "end": {} }
        ],
        "line": 48
      },
      "2": {
        "loc": {
          "start": { "line": 49, "column": 4 },
          "end": { "line": 49, "column": 71 }
        },
        "type": "if",
        "locations": [
          {
            "start": { "line": 49, "column": 4 },
            "end": { "line": 49, "column": 71 }
          },
          { "start": {}, "end": {} }
        ],
        "line": 49
      }
    },
    "s": {
      "0": 9,
      "1": 9,
      "2": 9,
      "3": 9,
      "4": 9,
      "5": 3,
      "6": 3,
      "7": 3,
      "8": 3,
      "9": 0,
      "10": 9,
      "11": 3,
      "12": 9,
      "13": 0,
      "14": 0,
      "15": 0,
      "16": 0,
      "17": 9,
      "18": 1,
      "19": 1,
      "20": 2,
      "21": 1,
      "22": 1,
      "23": 9,
      "24": 9,
      "25": 1,
      "26": 2,
      "27": 8,
      "28": 1,
      "29": 2,
      "30": 7,
      "31": 9
    },
    "f": {
      "0": 9,
      "1": 3,
      "2": 3,
      "3": 0,
      "4": 1,
      "5": 1,
      "6": 2,
      "7": 9,
      "8": 2,
      "9": 2
    },
    "b": { "0": [1, 1], "1": [1, 8], "2": [1, 7] },
    "_coverageSchema": "1a1c01bbd47fc00a2c39e90264f33305004495a9",
    "hash": "2d15414ec5c0968dcba5c94dda3e24c1d0abb7c9"
  },
  "C:\\Users\\kouak\\OneDrive\\Informatique\\NWO\\blank\\src\\features\\todos\\ui\\constants.ts": {
    "path": "C:\\Users\\kouak\\OneDrive\\Informatique\\NWO\\blank\\src\\features\\todos\\ui\\constants.ts",
    "statementMap": {
      "0": {
        "start": { "line": 2, "column": 26 },
        "end": { "line": 2, "column": 28 }
      },
      "1": {
        "start": { "line": 3, "column": 29 },
        "end": { "line": 3, "column": 31 }
      }
    },
    "fnMap": {},
    "branchMap": {},
    "s": { "0": 2, "1": 2 },
    "f": {},
    "b": {},
    "_coverageSchema": "1a1c01bbd47fc00a2c39e90264f33305004495a9",
    "hash": "132213fa22fa8fc36ff8fe01804dd47f442d7e8a"
  },
  "C:\\Users\\kouak\\OneDrive\\Informatique\\NWO\\blank\\src\\features\\todos\\ui\\styles.ts": {
    "path": "C:\\Users\\kouak\\OneDrive\\Informatique\\NWO\\blank\\src\\features\\todos\\ui\\styles.ts",
    "statementMap": {
      "0": {
        "start": { "line": 4, "column": 26 },
        "end": { "line": 6, "column": 2 }
      },
      "1": {
        "start": { "line": 8, "column": 28 },
        "end": { "line": 10, "column": 2 }
      }
    },
    "fnMap": {},
    "branchMap": {},
    "s": { "0": 2, "1": 2 },
    "f": {},
    "b": {},
    "_coverageSchema": "1a1c01bbd47fc00a2c39e90264f33305004495a9",
    "hash": "851ea2c0319afa0471549ce53d871af2dec3a6c2"
  },
  "C:\\Users\\kouak\\OneDrive\\Informatique\\NWO\\blank\\src\\screens\\ArchiveScreen.tsx": {
    "path": "C:\\Users\\kouak\\OneDrive\\Informatique\\NWO\\blank\\src\\screens\\ArchiveScreen.tsx",
    "statementMap": {
      "0": {
        "start": { "line": 15, "column": 17 },
        "end": { "line": 15, "column": 19 }
      },
      "1": {
        "start": { "line": 17, "column": 15 },
        "end": { "line": 21, "column": 2 }
      },
      "2": {
        "start": { "line": 24, "column": 2 },
        "end": { "line": 24, "column": 43 }
      },
      "3": {
        "start": { "line": 28, "column": 44 },
        "end": { "line": 28, "column": 56 }
      },
      "4": {
        "start": { "line": 30, "column": 26 },
        "end": { "line": 33, "column": 3 }
      },
      "5": {
        "start": { "line": 31, "column": 17 },
        "end": { "line": 31, "column": 32 }
      },
      "6": {
        "start": { "line": 35, "column": 17 },
        "end": { "line": 56, "column": 3 }
      },
      "7": {
        "start": { "line": 37, "column": 6 },
        "end": { "line": 53, "column": 13 }
      },
      "8": {
        "start": { "line": 58, "column": 2 },
        "end": { "line": 64, "column": 3 }
      },
      "9": {
        "start": { "line": 59, "column": 4 },
        "end": { "line": 63, "column": 6 }
      },
      "10": {
        "start": { "line": 66, "column": 2 },
        "end": { "line": 88, "column": 4 }
      },
      "11": {
        "start": { "line": 72, "column": 31 },
        "end": { "line": 72, "column": 43 }
      },
      "12": {
        "start": { "line": 78, "column": 12 },
        "end": { "line": 78, "column": 77 }
      },
      "13": {
        "start": { "line": 80, "column": 41 },
        "end": { "line": 84, "column": 11 }
      }
    },
    "fnMap": {
      "0": {
        "name": "ArchiveSeparator",
        "decl": {
          "start": { "line": 23, "column": 9 },
          "end": { "line": 23, "column": 25 }
        },
        "loc": {
          "start": { "line": 23, "column": 28 },
          "end": { "line": 25, "column": 1 }
        },
        "line": 23
      },
      "1": {
        "name": "ArchiveScreen",
        "decl": {
          "start": { "line": 27, "column": 24 },
          "end": { "line": 27, "column": 37 }
        },
        "loc": {
          "start": { "line": 27, "column": 40 },
          "end": { "line": 89, "column": 1 }
        },
        "line": 27
      },
      "2": {
        "name": "(anonymous_2)",
        "decl": {
          "start": { "line": 31, "column": 4 },
          "end": { "line": 31, "column": 5 }
        },
        "loc": {
          "start": { "line": 31, "column": 17 },
          "end": { "line": 31, "column": 32 }
        },
        "line": 31
      },
      "3": {
        "name": "(anonymous_3)",
        "decl": {
          "start": { "line": 36, "column": 4 },
          "end": { "line": 36, "column": 5 }
        },
        "loc": {
          "start": { "line": 37, "column": 6 },
          "end": { "line": 53, "column": 13 }
        },
        "line": 37
      },
      "4": {
        "name": "(anonymous_4)",
        "decl": {
          "start": { "line": 72, "column": 24 },
          "end": { "line": 72, "column": 25 }
        },
        "loc": {
          "start": { "line": 72, "column": 31 },
          "end": { "line": 72, "column": 43 }
        },
        "line": 72
      },
      "5": {
        "name": "(anonymous_5)",
        "decl": {
          "start": { "line": 77, "column": 22 },
          "end": { "line": 77, "column": 23 }
        },
        "loc": {
          "start": { "line": 78, "column": 12 },
          "end": { "line": 78, "column": 77 }
        },
        "line": 78
      },
      "6": {
        "name": "(anonymous_6)",
        "decl": {
          "start": { "line": 80, "column": 25 },
          "end": { "line": 80, "column": 26 }
        },
        "loc": {
          "start": { "line": 80, "column": 41 },
          "end": { "line": 84, "column": 11 }
        },
        "line": 80
      }
    },
    "branchMap": {
      "0": {
        "loc": {
          "start": { "line": 58, "column": 2 },
          "end": { "line": 64, "column": 3 }
        },
        "type": "if",
        "locations": [
          {
            "start": { "line": 58, "column": 2 },
            "end": { "line": 64, "column": 3 }
          },
          { "start": {}, "end": {} }
        ],
        "line": 58
      }
    },
    "s": {
      "0": 1,
      "1": 1,
      "2": 0,
      "3": 2,
      "4": 2,
      "5": 1,
      "6": 2,
      "7": 2,
      "8": 2,
      "9": 1,
      "10": 1,
      "11": 2,
      "12": 1,
      "13": 0
    },
    "f": { "0": 0, "1": 2, "2": 1, "3": 2, "4": 2, "5": 1, "6": 0 },
    "b": { "0": [1, 1] },
    "_coverageSchema": "1a1c01bbd47fc00a2c39e90264f33305004495a9",
    "hash": "adbe6c7cc9e53ec4467eaffa0b31f657818c5af2"
  },
  "C:\\Users\\kouak\\OneDrive\\Informatique\\NWO\\blank\\src\\screens\\HomeScreen.tsx": {
    "path": "C:\\Users\\kouak\\OneDrive\\Informatique\\NWO\\blank\\src\\screens\\HomeScreen.tsx",
    "statementMap": {
      "0": {
        "start": { "line": 27, "column": 17 },
        "end": { "line": 27, "column": 19 }
      },
      "1": {
        "start": { "line": 39, "column": 6 },
        "end": { "line": 39, "column": 16 }
      },
      "2": {
        "start": { "line": 40, "column": 34 },
        "end": { "line": 40, "column": 46 }
      },
      "3": {
        "start": { "line": 42, "column": 24 },
        "end": { "line": 42, "column": 71 }
      },
      "4": {
        "start": { "line": 42, "column": 49 },
        "end": { "line": 42, "column": 59 }
      },
      "5": {
        "start": { "line": 44, "column": 18 },
        "end": { "line": 44, "column": 48 }
      },
      "6": {
        "start": { "line": 45, "column": 15 },
        "end": { "line": 45, "column": 31 }
      },
      "7": {
        "start": { "line": 47, "column": 20 },
        "end": { "line": 70, "column": 12 }
      },
      "8": {
        "start": { "line": 48, "column": 19 },
        "end": { "line": 48, "column": 59 }
      },
      "9": {
        "start": { "line": 50, "column": 4 },
        "end": { "line": 62, "column": 5 }
      },
      "10": {
        "start": { "line": 51, "column": 6 },
        "end": { "line": 61, "column": 8 }
      },
      "11": {
        "start": { "line": 56, "column": 56 },
        "end": { "line": 60, "column": 9 }
      },
      "12": {
        "start": { "line": 64, "column": 4 },
        "end": { "line": 69, "column": 6 }
      },
      "13": {
        "start": { "line": 72, "column": 32 },
        "end": { "line": 95, "column": 3 }
      },
      "14": {
        "start": { "line": 74, "column": 6 },
        "end": { "line": 87, "column": 7 }
      },
      "15": {
        "start": { "line": 75, "column": 8 },
        "end": { "line": 81, "column": 11 }
      },
      "16": {
        "start": { "line": 84, "column": 20 },
        "end": { "line": 84, "column": 49 }
      },
      "17": {
        "start": { "line": 85, "column": 23 },
        "end": { "line": 85, "column": 69 }
      },
      "18": {
        "start": { "line": 86, "column": 8 },
        "end": { "line": 86, "column": 76 }
      },
      "19": {
        "start": { "line": 88, "column": 6 },
        "end": { "line": 92, "column": 8 }
      },
      "20": {
        "start": { "line": 90, "column": 10 },
        "end": { "line": 90, "column": 79 }
      },
      "21": {
        "start": { "line": 97, "column": 19 },
        "end": { "line": 100, "column": 3 }
      },
      "22": {
        "start": { "line": 98, "column": 10 },
        "end": { "line": 98, "column": 68 }
      },
      "23": {
        "start": { "line": 102, "column": 17 },
        "end": { "line": 109, "column": 13 }
      },
      "24": {
        "start": { "line": 103, "column": 22 },
        "end": { "line": 103, "column": 61 }
      },
      "25": {
        "start": { "line": 103, "column": 42 },
        "end": { "line": 103, "column": 53 }
      },
      "26": {
        "start": { "line": 104, "column": 4 },
        "end": { "line": 108, "column": 6 }
      },
      "27": {
        "start": { "line": 111, "column": 2 },
        "end": { "line": 173, "column": 4 }
      },
      "28": {
        "start": { "line": 138, "column": 33 },
        "end": { "line": 138, "column": 45 }
      },
      "29": {
        "start": { "line": 149, "column": 14 },
        "end": { "line": 165, "column": 15 }
      },
      "30": {
        "start": { "line": 176, "column": 15 },
        "end": { "line": 187, "column": 2 }
      }
    },
    "fnMap": {
      "0": {
        "name": "HomeScreen",
        "decl": {
          "start": { "line": 29, "column": 24 },
          "end": { "line": 29, "column": 34 }
        },
        "loc": {
          "start": { "line": 29, "column": 37 },
          "end": { "line": 174, "column": 1 }
        },
        "line": 29
      },
      "1": {
        "name": "(anonymous_1)",
        "decl": {
          "start": { "line": 42, "column": 36 },
          "end": { "line": 42, "column": 37 }
        },
        "loc": {
          "start": { "line": 42, "column": 49 },
          "end": { "line": 42, "column": 59 }
        },
        "line": 42
      },
      "2": {
        "name": "(anonymous_2)",
        "decl": {
          "start": { "line": 47, "column": 58 },
          "end": { "line": 47, "column": 59 }
        },
        "loc": {
          "start": { "line": 47, "column": 64 },
          "end": { "line": 70, "column": 3 }
        },
        "line": 47
      },
      "3": {
        "name": "(anonymous_3)",
        "decl": {
          "start": { "line": 56, "column": 23 },
          "end": { "line": 56, "column": 24 }
        },
        "loc": {
          "start": { "line": 56, "column": 56 },
          "end": { "line": 60, "column": 9 }
        },
        "line": 56
      },
      "4": {
        "name": "(anonymous_4)",
        "decl": {
          "start": { "line": 73, "column": 4 },
          "end": { "line": 73, "column": 5 }
        },
        "loc": {
          "start": { "line": 73, "column": 60 },
          "end": { "line": 93, "column": 5 }
        },
        "line": 73
      },
      "5": {
        "name": "(anonymous_5)",
        "decl": {
          "start": { "line": 89, "column": 8 },
          "end": { "line": 89, "column": 9 }
        },
        "loc": {
          "start": { "line": 90, "column": 10 },
          "end": { "line": 90, "column": 79 }
        },
        "line": 90
      },
      "6": {
        "name": "(anonymous_6)",
        "decl": {
          "start": { "line": 98, "column": 4 },
          "end": { "line": 98, "column": 5 }
        },
        "loc": {
          "start": { "line": 98, "column": 10 },
          "end": { "line": 98, "column": 68 }
        },
        "line": 98
      },
      "7": {
        "name": "(anonymous_7)",
        "decl": {
          "start": { "line": 102, "column": 25 },
          "end": { "line": 102, "column": 26 }
        },
        "loc": {
          "start": { "line": 102, "column": 31 },
          "end": { "line": 109, "column": 3 }
        },
        "line": 102
      },
      "8": {
        "name": "(anonymous_8)",
        "decl": {
          "start": { "line": 103, "column": 35 },
          "end": { "line": 103, "column": 36 }
        },
        "loc": {
          "start": { "line": 103, "column": 42 },
          "end": { "line": 103, "column": 53 }
        },
        "line": 103
      },
      "9": {
        "name": "(anonymous_9)",
        "decl": {
          "start": { "line": 138, "column": 26 },
          "end": { "line": 138, "column": 27 }
        },
        "loc": {
          "start": { "line": 138, "column": 33 },
          "end": { "line": 138, "column": 45 }
        },
        "line": 138
      },
      "10": {
        "name": "(anonymous_10)",
        "decl": {
          "start": { "line": 148, "column": 24 },
          "end": { "line": 148, "column": 25 }
        },
        "loc": {
          "start": { "line": 149, "column": 14 },
          "end": { "line": 165, "column": 15 }
        },
        "line": 149
      }
    },
    "branchMap": {
      "0": {
        "loc": {
          "start": { "line": 50, "column": 4 },
          "end": { "line": 62, "column": 5 }
        },
        "type": "if",
        "locations": [
          {
            "start": { "line": 50, "column": 4 },
            "end": { "line": 62, "column": 5 }
          },
          { "start": {}, "end": {} }
        ],
        "line": 50
      },
      "1": {
        "loc": {
          "start": { "line": 74, "column": 6 },
          "end": { "line": 87, "column": 7 }
        },
        "type": "if",
        "locations": [
          {
            "start": { "line": 74, "column": 6 },
            "end": { "line": 87, "column": 7 }
          },
          {
            "start": { "line": 82, "column": 13 },
            "end": { "line": 87, "column": 7 }
          }
        ],
        "line": 74
      },
      "2": {
        "loc": {
          "start": { "line": 114, "column": 9 },
          "end": { "line": 118, "column": 9 }
        },
        "type": "binary-expr",
        "locations": [
          {
            "start": { "line": 114, "column": 9 },
            "end": { "line": 114, "column": 14 }
          },
          {
            "start": { "line": 115, "column": 10 },
            "end": { "line": 117, "column": 17 }
          }
        ],
        "line": 114
      },
      "3": {
        "loc": {
          "start": { "line": 126, "column": 9 },
          "end": { "line": 170, "column": 9 }
        },
        "type": "cond-expr",
        "locations": [
          {
            "start": { "line": 127, "column": 10 },
            "end": { "line": 131, "column": 17 }
          },
          {
            "start": { "line": 133, "column": 10 },
            "end": { "line": 169, "column": 12 }
          }
        ],
        "line": 126
      },
      "4": {
        "loc": {
          "start": { "line": 126, "column": 9 },
          "end": { "line": 126, "column": 37 }
        },
        "type": "binary-expr",
        "locations": [
          {
            "start": { "line": 126, "column": 9 },
            "end": { "line": 126, "column": 27 }
          },
          {
            "start": { "line": 126, "column": 31 },
            "end": { "line": 126, "column": 37 }
          }
        ],
        "line": 126
      },
      "5": {
        "loc": {
          "start": { "line": 142, "column": 32 },
          "end": { "line": 142, "column": 75 }
        },
        "type": "cond-expr",
        "locations": [
          {
            "start": { "line": 142, "column": 43 },
            "end": { "line": 142, "column": 63 }
          },
          {
            "start": { "line": 142, "column": 66 },
            "end": { "line": 142, "column": 75 }
          }
        ],
        "line": 142
      },
      "6": {
        "loc": {
          "start": { "line": 149, "column": 14 },
          "end": { "line": 165, "column": 15 }
        },
        "type": "cond-expr",
        "locations": [
          {
            "start": { "line": 150, "column": 16 },
            "end": { "line": 157, "column": 23 }
          },
          {
            "start": { "line": 159, "column": 16 },
            "end": { "line": 164, "column": 18 }
          }
        ],
        "line": 149
      }
    },
    "s": {
      "0": 1,
      "1": 9,
      "2": 9,
      "3": 9,
      "4": 0,
      "5": 9,
      "6": 9,
      "7": 9,
      "8": 3,
      "9": 3,
      "10": 3,
      "11": 0,
      "12": 0,
      "13": 9,
      "14": 0,
      "15": 0,
      "16": 0,
      "17": 0,
      "18": 0,
      "19": 0,
      "20": 0,
      "21": 9,
      "22": 5,
      "23": 9,
      "24": 7,
      "25": 8,
      "26": 7,
      "27": 9,
      "28": 14,
      "29": 10,
      "30": 1
    },
    "f": {
      "0": 9,
      "1": 0,
      "2": 3,
      "3": 0,
      "4": 0,
      "5": 0,
      "6": 5,
      "7": 7,
      "8": 8,
      "9": 14,
      "10": 10
    },
    "b": {
      "0": [3, 0],
      "1": [0, 0],
      "2": [9, 0],
      "3": [3, 6],
      "4": [9, 3],
      "5": [0, 6],
      "6": [0, 10]
    },
    "_coverageSchema": "1a1c01bbd47fc00a2c39e90264f33305004495a9",
    "hash": "7f817135738f08e1d4d472d1bb3bd57941213b3b"
  },
  "C:\\Users\\kouak\\OneDrive\\Informatique\\NWO\\blank\\src\\stores\\archiveSlice.ts": {
    "path": "C:\\Users\\kouak\\OneDrive\\Informatique\\NWO\\blank\\src\\stores\\archiveSlice.ts",
    "statementMap": {
      "0": {
        "start": { "line": 10, "column": 35 },
        "end": { "line": 10, "column": 56 }
      },
      "1": {
        "start": { "line": 12, "column": 21 },
        "end": { "line": 29, "column": 2 }
      },
      "2": {
        "start": { "line": 17, "column": 6 },
        "end": { "line": 17, "column": 39 }
      },
      "3": {
        "start": { "line": 18, "column": 6 },
        "end": { "line": 18, "column": 70 }
      },
      "4": {
        "start": { "line": 18, "column": 43 },
        "end": { "line": 18, "column": 70 }
      },
      "5": {
        "start": { "line": 21, "column": 6 },
        "end": { "line": 21, "column": 33 }
      },
      "6": {
        "start": { "line": 22, "column": 6 },
        "end": { "line": 22, "column": 59 }
      },
      "7": {
        "start": { "line": 22, "column": 43 },
        "end": { "line": 22, "column": 57 }
      },
      "8": {
        "start": { "line": 25, "column": 6 },
        "end": { "line": 25, "column": 22 }
      },
      "9": {
        "start": { "line": 26, "column": 6 },
        "end": { "line": 26, "column": 21 }
      },
      "10": {
        "start": { "line": 32, "column": 2 },
        "end": { "line": 32, "column": 22 }
      }
    },
    "fnMap": {
      "0": {
        "name": "(anonymous_0)",
        "decl": {
          "start": { "line": 16, "column": 18 },
          "end": { "line": 16, "column": 19 }
        },
        "loc": {
          "start": { "line": 16, "column": 63 },
          "end": { "line": 19, "column": 5 }
        },
        "line": 16
      },
      "1": {
        "name": "(anonymous_1)",
        "decl": {
          "start": { "line": 20, "column": 20 },
          "end": { "line": 20, "column": 21 }
        },
        "loc": {
          "start": { "line": 20, "column": 67 },
          "end": { "line": 23, "column": 5 }
        },
        "line": 20
      },
      "2": {
        "name": "(anonymous_2)",
        "decl": {
          "start": { "line": 22, "column": 35 },
          "end": { "line": 22, "column": 36 }
        },
        "loc": {
          "start": { "line": 22, "column": 43 },
          "end": { "line": 22, "column": 57 }
        },
        "line": 22
      },
      "3": {
        "name": "(anonymous_3)",
        "decl": {
          "start": { "line": 24, "column": 20 },
          "end": { "line": 24, "column": 21 }
        },
        "loc": {
          "start": { "line": 24, "column": 31 },
          "end": { "line": 27, "column": 5 }
        },
        "line": 24
      }
    },
    "branchMap": {
      "0": {
        "loc": {
          "start": { "line": 18, "column": 6 },
          "end": { "line": 18, "column": 70 }
        },
        "type": "if",
        "locations": [
          {
            "start": { "line": 18, "column": 6 },
            "end": { "line": 18, "column": 70 }
          },
          { "start": {}, "end": {} }
        ],
        "line": 18
      }
    },
    "s": {
      "0": 2,
      "1": 2,
      "2": 1,
      "3": 1,
      "4": 1,
      "5": 1,
      "6": 1,
      "7": 1,
      "8": 0,
      "9": 0,
      "10": 2
    },
    "f": { "0": 1, "1": 1, "2": 1, "3": 0 },
    "b": { "0": [1, 0] },
    "_coverageSchema": "1a1c01bbd47fc00a2c39e90264f33305004495a9",
    "hash": "826fe83781a7ee9b9f6e962881a094886b435556"
  },
  "C:\\Users\\kouak\\OneDrive\\Informatique\\NWO\\blank\\src\\stores\\hooks.ts": {
    "path": "C:\\Users\\kouak\\OneDrive\\Informatique\\NWO\\blank\\src\\stores\\hooks.ts",
    "statementMap": {
      "0": {
        "start": { "line": 6, "column": 49 },
        "end": { "line": 6, "column": 60 }
      },
      "1": {
        "start": { "line": 7, "column": 63 },
        "end": { "line": 7, "column": 74 }
      }
    },
    "fnMap": {},
    "branchMap": {},
    "s": { "0": 2, "1": 2 },
    "f": {},
    "b": {},
    "_coverageSchema": "1a1c01bbd47fc00a2c39e90264f33305004495a9",
    "hash": "43ea793eadd2416d0471a444ca3f4c9708fdbf85"
  },
  "C:\\Users\\kouak\\OneDrive\\Informatique\\NWO\\blank\\src\\ui\\layout.ts": {
    "path": "C:\\Users\\kouak\\OneDrive\\Informatique\\NWO\\blank\\src\\ui\\layout.ts",
    "statementMap": {
      "0": {
        "start": { "line": 4, "column": 30 },
        "end": { "line": 4, "column": 33 }
      },
      "1": {
        "start": { "line": 6, "column": 31 },
        "end": { "line": 13, "column": 2 }
      }
    },
    "fnMap": {},
    "branchMap": {},
    "s": { "0": 2, "1": 2 },
    "f": {},
    "b": {},
    "_coverageSchema": "1a1c01bbd47fc00a2c39e90264f33305004495a9",
    "hash": "f2de839d2265f0e70aca88d257fcd7a147ad1383"
  },
  "C:\\Users\\kouak\\OneDrive\\Informatique\\NWO\\blank\\tests\\utils\\renderWithStore.tsx": {
    "path": "C:\\Users\\kouak\\OneDrive\\Informatique\\NWO\\blank\\tests\\utils\\renderWithStore.tsx",
    "statementMap": {
      "0": {
        "start": { "line": 9, "column": 2 },
        "end": { "line": 9, "column": 50 }
      },
      "1": {
        "start": { "line": 18, "column": 2 },
        "end": { "line": 18, "column": 71 }
      }
    },
    "fnMap": {
      "0": {
        "name": "setupStore",
        "decl": {
          "start": { "line": 8, "column": 16 },
          "end": { "line": 8, "column": 26 }
        },
        "loc": {
          "start": { "line": 8, "column": 29 },
          "end": { "line": 10, "column": 1 }
        },
        "line": 8
      },
      "1": {
        "name": "renderWithStore",
        "decl": {
          "start": { "line": 14, "column": 16 },
          "end": { "line": 14, "column": 31 }
        },
        "loc": {
          "start": { "line": 17, "column": 2 },
          "end": { "line": 19, "column": 1 }
        },
        "line": 17
      }
    },
    "branchMap": {
      "0": {
        "loc": {
          "start": { "line": 16, "column": 2 },
          "end": { "line": 16, "column": 53 }
        },
        "type": "default-arg",
        "locations": [
          {
            "start": { "line": 16, "column": 51 },
            "end": { "line": 16, "column": 53 }
          }
        ],
        "line": 16
      },
      "1": {
        "loc": {
          "start": { "line": 16, "column": 4 },
          "end": { "line": 16, "column": 24 }
        },
        "type": "default-arg",
        "locations": [
          {
            "start": { "line": 16, "column": 12 },
            "end": { "line": 16, "column": 24 }
          }
        ],
        "line": 16
      }
    },
    "s": { "0": 3, "1": 3 },
    "f": { "0": 3, "1": 3 },
    "b": { "0": [3], "1": [3] },
    "_coverageSchema": "1a1c01bbd47fc00a2c39e90264f33305004495a9",
    "hash": "fd4142bbe1d1ee38f42b405ae6fcd25867a203fb"
  }
}
