TN:
SF:src\features\archive\hooks\useArchive.ts
FN:10,useArchive
FN:12,(anonymous_1)
FN:13,(anonymous_2)
FN:15,(anonymous_3)
FN:16,(anonymous_4)
FN:18,(anonymous_5)
FN:19,(anonymous_6)
FN:20,(anonymous_7)
FNF:8
FNH:6
FNDA:11,useArchive
FNDA:16,(anonymous_1)
FNDA:16,(anonymous_2)
FNDA:1,(anonymous_3)
FNDA:10,(anonymous_4)
FNDA:0,(anonymous_5)
FNDA:1,(anonymous_6)
FNDA:0,(anonymous_7)
DA:11,11
DA:12,16
DA:13,16
DA:15,11
DA:16,11
DA:18,11
DA:19,11
DA:20,11
DA:22,11
LF:9
LH:9
BRF:0
BRH:0
end_of_record
TN:
SF:src\features\todos\components\FilterTabs.tsx
FN:22,FilterTabs
FN:23,(anonymous_1)
FN:25,(anonymous_2)
FN:31,(anonymous_3)
FN:51,(anonymous_4)
FNF:5
FNH:5
FNDA:5,FilterTabs
FNDA:3,(anonymous_1)
FNDA:15,(anonymous_2)
FNDA:2,(anonymous_3)
FNDA:24,(anonymous_4)
DA:18,1
DA:19,1
DA:20,1
DA:23,5
DA:25,5
DA:26,15
DA:27,15
DA:31,2
DA:47,5
DA:51,24
DA:62,1
LF:11
LH:11
BRDA:37,0,0,15
BRDA:37,0,1,5
BRDA:39,1,0,15
BRDA:39,1,1,5
BRF:4
BRH:4
end_of_record
TN:
SF:src\features\todos\components\StatsPills.tsx
FN:11,StatsPills
FN:13,(anonymous_1)
FN:24,(anonymous_2)
FN:29,(anonymous_3)
FNF:4
FNH:4
FNDA:9,StatsPills
FNDA:7,(anonymous_1)
FNDA:36,(anonymous_2)
FNDA:27,(anonymous_3)
DA:12,9
DA:13,7
DA:21,9
DA:24,36
DA:30,27
DA:42,1
LF:6
LH:6
BRF:0
BRH:0
end_of_record
TN:
SF:src\features\todos\components\TodoCard.tsx
FN:21,TodoCard
FN:58,(anonymous_1)
FN:72,(anonymous_2)
FN:86,(anonymous_3)
FNF:4
FNH:2
FNDA:1,TodoCard
FNDA:0,(anonymous_1)
FNDA:1,(anonymous_2)
FNDA:0,(anonymous_3)
DA:19,2
DA:28,1
DA:30,1
DA:31,1
DA:32,1
DA:34,1
DA:58,0
DA:72,1
DA:86,0
LF:9
LH:7
BRDA:30,0,0,1
BRDA:30,0,1,0
BRDA:31,1,0,1
BRDA:31,1,1,1
BRDA:45,2,0,0
BRDA:45,2,1,1
BRDA:55,3,0,1
BRDA:55,3,1,0
BRDA:69,4,0,1
BRDA:69,4,1,1
BRDA:83,5,0,1
BRDA:83,5,1,0
BRDA:89,6,0,0
BRDA:89,6,1,0
BRDA:94,7,0,0
BRDA:94,7,1,0
BRDA:96,8,0,0
BRDA:96,8,1,0
BRDA:99,9,0,0
BRDA:99,9,1,0
BRF:20
BRH:8
end_of_record
TN:
SF:src\features\todos\components\TodoRow.tsx
FN:14,TodoRow
FN:37,(anonymous_1)
FN:51,(anonymous_2)
FNF:3
FNH:2
FNDA:10,TodoRow
FNDA:0,(anonymous_1)
FNDA:1,(anonymous_2)
DA:20,10
DA:37,0
DA:51,1
LF:3
LH:2
BRDA:28,0,0,6
BRDA:28,0,1,4
BRDA:34,1,0,10
BRDA:34,1,1,10
BRDA:34,1,2,10
BRDA:53,2,0,6
BRDA:53,2,1,4
BRF:7
BRH:7
end_of_record
TN:
SF:src\features\todos\components\TodosHeader.tsx
FN:11,TodosHeader
FNF:1
FNH:1
FNDA:5,TodosHeader
DA:12,5
LF:1
LH:1
BRF:0
BRH:0
end_of_record
TN:
SF:src\features\todos\hooks\useTodos.ts
FN:7,useTodos
FN:13,(anonymous_1)
FN:23,(anonymous_2)
FN:27,(anonymous_3)
FN:36,(anonymous_4)
FN:37,(anonymous_5)
FN:38,(anonymous_6)
FN:47,(anonymous_7)
FN:48,(anonymous_8)
FN:49,(anonymous_9)
FNF:10
FNH:9
FNDA:9,useTodos
FNDA:3,(anonymous_1)
FNDA:3,(anonymous_2)
FNDA:0,(anonymous_3)
FNDA:1,(anonymous_4)
FNDA:1,(anonymous_5)
FNDA:2,(anonymous_6)
FNDA:9,(anonymous_7)
FNDA:2,(anonymous_8)
FNDA:2,(anonymous_9)
DA:8,9
DA:9,9
DA:10,9
DA:11,9
DA:13,9
DA:14,3
DA:15,3
DA:16,3
DA:17,3
DA:19,0
DA:23,9
DA:24,3
DA:27,9
DA:28,0
DA:29,0
DA:30,0
DA:32,0
DA:36,9
DA:37,1
DA:38,2
DA:40,1
DA:41,1
DA:47,9
DA:48,9
DA:49,8
DA:50,7
DA:53,9
LF:27
LH:22
BRDA:38,0,0,1
BRDA:38,0,1,1
BRDA:48,1,0,1
BRDA:48,1,1,8
BRDA:49,2,0,1
BRDA:49,2,1,7
BRF:6
BRH:6
end_of_record
TN:
SF:src\features\todos\ui\constants.ts
FNF:0
FNH:0
DA:2,2
DA:3,2
LF:2
LH:2
BRF:0
BRH:0
end_of_record
TN:
SF:src\features\todos\ui\styles.ts
FNF:0
FNH:0
DA:4,2
DA:8,2
LF:2
LH:2
BRF:0
BRH:0
end_of_record
TN:
SF:src\screens\ArchiveScreen.tsx
FN:23,ArchiveSeparator
FN:27,ArchiveScreen
FN:31,(anonymous_2)
FN:36,(anonymous_3)
FN:72,(anonymous_4)
FN:77,(anonymous_5)
FN:80,(anonymous_6)
FNF:7
FNH:5
FNDA:0,ArchiveSeparator
FNDA:2,ArchiveScreen
FNDA:1,(anonymous_2)
FNDA:2,(anonymous_3)
FNDA:2,(anonymous_4)
FNDA:1,(anonymous_5)
FNDA:0,(anonymous_6)
DA:15,1
DA:17,1
DA:24,0
DA:28,2
DA:30,2
DA:31,1
DA:35,2
DA:37,2
DA:58,2
DA:59,1
DA:66,1
DA:72,2
DA:78,1
DA:80,0
LF:14
LH:12
BRDA:58,0,0,1
BRDA:58,0,1,1
BRF:2
BRH:2
end_of_record
TN:
SF:src\screens\HomeScreen.tsx
FN:29,HomeScreen
FN:42,(anonymous_1)
FN:47,(anonymous_2)
FN:56,(anonymous_3)
FN:73,(anonymous_4)
FN:89,(anonymous_5)
FN:98,(anonymous_6)
FN:102,(anonymous_7)
FN:103,(anonymous_8)
FN:138,(anonymous_9)
FN:148,(anonymous_10)
FNF:11
FNH:7
FNDA:9,HomeScreen
FNDA:0,(anonymous_1)
FNDA:3,(anonymous_2)
FNDA:0,(anonymous_3)
FNDA:0,(anonymous_4)
FNDA:0,(anonymous_5)
FNDA:5,(anonymous_6)
FNDA:7,(anonymous_7)
FNDA:8,(anonymous_8)
FNDA:14,(anonymous_9)
FNDA:10,(anonymous_10)
DA:27,1
DA:39,9
DA:40,9
DA:42,9
DA:44,9
DA:45,9
DA:47,9
DA:48,3
DA:50,3
DA:51,3
DA:56,0
DA:64,0
DA:72,9
DA:74,0
DA:75,0
DA:84,0
DA:85,0
DA:86,0
DA:88,0
DA:90,0
DA:97,9
DA:98,5
DA:102,9
DA:103,8
DA:104,7
DA:111,9
DA:138,14
DA:149,10
DA:176,1
LF:29
LH:20
BRDA:50,0,0,3
BRDA:50,0,1,0
BRDA:74,1,0,0
BRDA:74,1,1,0
BRDA:114,2,0,9
BRDA:114,2,1,0
BRDA:126,3,0,3
BRDA:126,3,1,6
BRDA:126,4,0,9
BRDA:126,4,1,3
BRDA:142,5,0,0
BRDA:142,5,1,6
BRDA:149,6,0,0
BRDA:149,6,1,10
BRF:14
BRH:8
end_of_record
TN:
SF:src\stores\archiveSlice.ts
FN:16,(anonymous_0)
FN:20,(anonymous_1)
FN:22,(anonymous_2)
FN:24,(anonymous_3)
FNF:4
FNH:3
FNDA:1,(anonymous_0)
FNDA:1,(anonymous_1)
FNDA:1,(anonymous_2)
FNDA:0,(anonymous_3)
DA:10,2
DA:12,2
DA:17,1
DA:18,1
DA:21,1
DA:22,1
DA:25,0
DA:26,0
DA:32,2
LF:9
LH:7
BRDA:18,0,0,1
BRDA:18,0,1,0
BRF:2
BRH:1
end_of_record
TN:
SF:src\stores\hooks.ts
FNF:0
FNH:0
DA:6,2
DA:7,2
LF:2
LH:2
BRF:0
BRH:0
end_of_record
TN:
SF:src\ui\layout.ts
FNF:0
FNH:0
DA:4,2
DA:6,2
LF:2
LH:2
BRF:0
BRH:0
end_of_record
TN:
SF:tests\utils\renderWithStore.tsx
FN:8,setupStore
FN:14,renderWithStore
FNF:2
FNH:2
FNDA:3,setupStore
FNDA:3,renderWithStore
DA:9,3
DA:18,3
LF:2
LH:2
BRDA:16,0,0,3
BRDA:16,1,0,3
BRF:2
BRH:2
end_of_record
